build/app/intermediates/manifest_merge_blame_file/debug/manifest-merger-blame-debug-report.txt
1<?xml version="1.0" encoding="utf-8"?>
2<manifest xmlns:android="http://schemas.android.com/apk/res/android"
3    package="com.apexavadh.payment_getway"
4    android:versionCode="1"
5    android:versionName="1.0.0" >
6
7    <uses-sdk
8        android:minSdkVersion="21"
9        android:targetSdkVersion="34" />
10    <!--
11         The INTERNET permission is required for development. Specifically,
12         the Flutter tool needs it to communicate with the running application
13         to allow setting breakpoints, to provide hot reload, etc.
14    -->
15    <uses-permission android:name="android.permission.INTERNET" />
15-->src\debug\AndroidManifest.xml:6:5-66
15-->src\debug\AndroidManifest.xml:6:22-64
16    <!--
17     Required to query activities that can process text, see:
18         https://developer.android.com/training/package-visibility and
19         https://developer.android.com/reference/android/content/Intent#ACTION_PROCESS_TEXT.
20
21         In particular, this is used by the Flutter engine in io.flutter.plugin.text.ProcessTextPlugin.
22    -->
23    <queries>
23-->src\main\AndroidManifest.xml:39:5-44:15
24        <intent>
24-->src\main\AndroidManifest.xml:40:9-43:18
25            <action android:name="android.intent.action.PROCESS_TEXT" />
25-->src\main\AndroidManifest.xml:41:13-72
25-->src\main\AndroidManifest.xml:41:21-70
26
27            <data android:mimeType="text/plain" />
27-->src\main\AndroidManifest.xml:42:13-50
27-->src\main\AndroidManifest.xml:42:19-48
28        </intent>
29        <intent>
29-->[com.razorpay:standard-core:1.6.46] AndroidManifest.xml:11:9-17:18
30            <action android:name="android.intent.action.VIEW" />
30-->[com.razorpay:standard-core:1.6.46] AndroidManifest.xml:12:13-65
30-->[com.razorpay:standard-core:1.6.46] AndroidManifest.xml:12:21-62
31
32            <data
32-->src\main\AndroidManifest.xml:42:13-50
33                android:mimeType="*/*"
33-->src\main\AndroidManifest.xml:42:19-48
34                android:scheme="*" />
35        </intent>
36        <intent>
36-->[com.razorpay:standard-core:1.6.46] AndroidManifest.xml:18:9-27:18
37            <action android:name="android.intent.action.VIEW" />
37-->[com.razorpay:standard-core:1.6.46] AndroidManifest.xml:12:13-65
37-->[com.razorpay:standard-core:1.6.46] AndroidManifest.xml:12:21-62
38
39            <category android:name="android.intent.category.BROWSABLE" />
39-->[com.razorpay:standard-core:1.6.46] AndroidManifest.xml:21:13-74
39-->[com.razorpay:standard-core:1.6.46] AndroidManifest.xml:21:23-71
40
41            <data
41-->src\main\AndroidManifest.xml:42:13-50
42                android:host="pay"
43                android:mimeType="*/*"
43-->src\main\AndroidManifest.xml:42:19-48
44                android:scheme="upi" />
45        </intent>
46        <intent>
46-->[com.razorpay:standard-core:1.6.46] AndroidManifest.xml:28:9-30:18
47            <action android:name="android.intent.action.MAIN" />
47-->[com.razorpay:standard-core:1.6.46] AndroidManifest.xml:29:13-65
47-->[com.razorpay:standard-core:1.6.46] AndroidManifest.xml:29:21-62
48        </intent>
49        <intent>
49-->[com.razorpay:standard-core:1.6.46] AndroidManifest.xml:31:9-35:18
50            <action android:name="android.intent.action.SEND" />
50-->[com.razorpay:standard-core:1.6.46] AndroidManifest.xml:32:13-65
50-->[com.razorpay:standard-core:1.6.46] AndroidManifest.xml:32:21-62
51
52            <data android:mimeType="*/*" />
52-->src\main\AndroidManifest.xml:42:13-50
52-->src\main\AndroidManifest.xml:42:19-48
53        </intent>
54        <intent>
54-->[com.razorpay:standard-core:1.6.46] AndroidManifest.xml:36:9-38:18
55            <action android:name="rzp.device_token.share" />
55-->[com.razorpay:standard-core:1.6.46] AndroidManifest.xml:37:13-61
55-->[com.razorpay:standard-core:1.6.46] AndroidManifest.xml:37:21-58
56        </intent>
57    </queries>
58
59    <uses-permission android:name="android.permission.ACCESS_NETWORK_STATE" />
59-->[:connectivity_plus] AndroidManifest.xml:7:5-79
59-->[:connectivity_plus] AndroidManifest.xml:7:22-76
60
61    <uses-feature
61-->[com.google.android.gms:play-services-maps:17.0.0] AndroidManifest.xml:26:5-28:35
62        android:glEsVersion="0x00020000"
62-->[com.google.android.gms:play-services-maps:17.0.0] AndroidManifest.xml:27:9-41
63        android:required="true" />
63-->[com.google.android.gms:play-services-maps:17.0.0] AndroidManifest.xml:28:9-32
64
65    <permission
65-->[androidx.core:core:1.13.1] AndroidManifest.xml:22:5-24:47
66        android:name="com.apexavadh.payment_getway.DYNAMIC_RECEIVER_NOT_EXPORTED_PERMISSION"
66-->[androidx.core:core:1.13.1] AndroidManifest.xml:23:9-81
67        android:protectionLevel="signature" />
67-->[androidx.core:core:1.13.1] AndroidManifest.xml:24:9-44
68
69    <uses-permission android:name="com.apexavadh.payment_getway.DYNAMIC_RECEIVER_NOT_EXPORTED_PERMISSION" />
69-->[androidx.core:core:1.13.1] AndroidManifest.xml:26:5-97
69-->[androidx.core:core:1.13.1] AndroidManifest.xml:26:22-94
70
71    <application
72        android:name="android.app.Application"
73        android:appComponentFactory="androidx.core.app.CoreComponentFactory"
73-->[androidx.core:core:1.13.1] AndroidManifest.xml:28:18-86
74        android:debuggable="true"
75        android:extractNativeLibs="true"
76        android:icon="@mipmap/ic_launcher"
77        android:label="Payment Getway" >
78        <activity
79            android:name="com.example.payment_getway_integration.MainActivity"
80            android:configChanges="orientation|keyboardHidden|keyboard|screenSize|smallestScreenSize|locale|layoutDirection|fontScale|screenLayout|density|uiMode"
81            android:exported="true"
82            android:hardwareAccelerated="true"
83            android:launchMode="singleTop"
84            android:taskAffinity=""
85            android:theme="@style/LaunchTheme"
86            android:windowSoftInputMode="adjustResize" >
87
88            <!--
89                 Specifies an Android theme to apply to this Activity as soon as
90                 the Android process has started. This theme is visible to the user
91                 while the Flutter UI initializes. After that, this theme continues
92                 to determine the Window background behind the Flutter UI.
93            -->
94            <meta-data
95                android:name="io.flutter.embedding.android.NormalTheme"
96                android:resource="@style/NormalTheme" />
97
98            <intent-filter>
99                <action android:name="android.intent.action.MAIN" />
99-->[com.razorpay:standard-core:1.6.46] AndroidManifest.xml:29:13-65
99-->[com.razorpay:standard-core:1.6.46] AndroidManifest.xml:29:21-62
100
101                <category android:name="android.intent.category.LAUNCHER" />
102            </intent-filter>
103        </activity>
104        <!--
105             Don't delete the meta-data below.
106             This is used by the Flutter tool to generate GeneratedPluginRegistrant.java
107        -->
108        <meta-data
109            android:name="flutterEmbedding"
110            android:value="2" />
111
112        <receiver
112-->[com.razorpay:standard-core:1.6.46] AndroidManifest.xml:42:9-49:20
113            android:name="com.razorpay.RzpTokenReceiver"
113-->[com.razorpay:standard-core:1.6.46] AndroidManifest.xml:43:13-57
114            android:exported="true" >
114-->[com.razorpay:standard-core:1.6.46] AndroidManifest.xml:44:13-36
115            <intent-filter>
115-->[com.razorpay:standard-core:1.6.46] AndroidManifest.xml:46:13-48:29
116                <action android:name="rzp.device_token.share" />
116-->[com.razorpay:standard-core:1.6.46] AndroidManifest.xml:37:13-61
116-->[com.razorpay:standard-core:1.6.46] AndroidManifest.xml:37:21-58
117            </intent-filter>
118        </receiver>
119
120        <activity
120-->[com.razorpay:standard-core:1.6.46] AndroidManifest.xml:51:9-59:20
121            android:name="com.razorpay.CheckoutActivity"
121-->[com.razorpay:standard-core:1.6.46] AndroidManifest.xml:52:13-57
122            android:configChanges="keyboard|keyboardHidden|orientation|screenSize"
122-->[com.razorpay:standard-core:1.6.46] AndroidManifest.xml:53:13-83
123            android:exported="false"
123-->[com.razorpay:standard-core:1.6.46] AndroidManifest.xml:54:13-37
124            android:theme="@style/CheckoutTheme" >
124-->[com.razorpay:standard-core:1.6.46] AndroidManifest.xml:55:13-49
125            <intent-filter>
125-->[com.razorpay:standard-core:1.6.46] AndroidManifest.xml:56:13-58:29
126                <action android:name="android.intent.action.MAIN" />
126-->[com.razorpay:standard-core:1.6.46] AndroidManifest.xml:29:13-65
126-->[com.razorpay:standard-core:1.6.46] AndroidManifest.xml:29:21-62
127            </intent-filter>
128        </activity>
129
130        <provider
130-->[com.razorpay:standard-core:1.6.46] AndroidManifest.xml:61:9-69:20
131            android:name="androidx.startup.InitializationProvider"
131-->[com.razorpay:standard-core:1.6.46] AndroidManifest.xml:62:13-67
132            android:authorities="com.apexavadh.payment_getway.androidx-startup"
132-->[com.razorpay:standard-core:1.6.46] AndroidManifest.xml:63:13-68
133            android:exported="false" >
133-->[com.razorpay:standard-core:1.6.46] AndroidManifest.xml:64:13-37
134            <meta-data
134-->[com.razorpay:standard-core:1.6.46] AndroidManifest.xml:66:13-68:52
135                android:name="com.razorpay.RazorpayInitializer"
135-->[com.razorpay:standard-core:1.6.46] AndroidManifest.xml:67:17-64
136                android:value="androidx.startup" />
136-->[com.razorpay:standard-core:1.6.46] AndroidManifest.xml:68:17-49
137            <meta-data
137-->[androidx.lifecycle:lifecycle-process:2.7.0] AndroidManifest.xml:29:13-31:52
138                android:name="androidx.lifecycle.ProcessLifecycleInitializer"
138-->[androidx.lifecycle:lifecycle-process:2.7.0] AndroidManifest.xml:30:17-78
139                android:value="androidx.startup" />
139-->[androidx.lifecycle:lifecycle-process:2.7.0] AndroidManifest.xml:31:17-49
140            <meta-data
140-->[androidx.profileinstaller:profileinstaller:1.3.1] AndroidManifest.xml:29:13-31:52
141                android:name="androidx.profileinstaller.ProfileInstallerInitializer"
141-->[androidx.profileinstaller:profileinstaller:1.3.1] AndroidManifest.xml:30:17-85
142                android:value="androidx.startup" />
142-->[androidx.profileinstaller:profileinstaller:1.3.1] AndroidManifest.xml:31:17-49
143        </provider>
144
145        <activity
145-->[com.razorpay:standard-core:1.6.46] AndroidManifest.xml:71:9-74:75
146            android:name="com.razorpay.MagicXActivity"
146-->[com.razorpay:standard-core:1.6.46] AndroidManifest.xml:72:13-55
147            android:exported="false"
147-->[com.razorpay:standard-core:1.6.46] AndroidManifest.xml:73:13-37
148            android:theme="@android:style/Theme.Translucent.NoTitleBar" />
148-->[com.razorpay:standard-core:1.6.46] AndroidManifest.xml:74:13-72
149
150        <meta-data
150-->[com.razorpay:standard-core:1.6.46] AndroidManifest.xml:76:9-78:58
151            android:name="com.razorpay.plugin.googlepay_all"
151-->[com.razorpay:standard-core:1.6.46] AndroidManifest.xml:77:13-61
152            android:value="com.razorpay.RzpGpayMerged" />
152-->[com.razorpay:standard-core:1.6.46] AndroidManifest.xml:78:13-55
153
154        <activity
154-->[com.google.android.gms:play-services-auth:21.1.0] AndroidManifest.xml:23:9-27:75
155            android:name="com.google.android.gms.auth.api.signin.internal.SignInHubActivity"
155-->[com.google.android.gms:play-services-auth:21.1.0] AndroidManifest.xml:24:13-93
156            android:excludeFromRecents="true"
156-->[com.google.android.gms:play-services-auth:21.1.0] AndroidManifest.xml:25:13-46
157            android:exported="false"
157-->[com.google.android.gms:play-services-auth:21.1.0] AndroidManifest.xml:26:13-37
158            android:theme="@android:style/Theme.Translucent.NoTitleBar" />
158-->[com.google.android.gms:play-services-auth:21.1.0] AndroidManifest.xml:27:13-72
159        <!--
160            Service handling Google Sign-In user revocation. For apps that do not integrate with
161            Google Sign-In, this service will never be started.
162        -->
163        <service
163-->[com.google.android.gms:play-services-auth:21.1.0] AndroidManifest.xml:33:9-37:51
164            android:name="com.google.android.gms.auth.api.signin.RevocationBoundService"
164-->[com.google.android.gms:play-services-auth:21.1.0] AndroidManifest.xml:34:13-89
165            android:exported="true"
165-->[com.google.android.gms:play-services-auth:21.1.0] AndroidManifest.xml:35:13-36
166            android:permission="com.google.android.gms.auth.api.signin.permission.REVOCATION_NOTIFICATION"
166-->[com.google.android.gms:play-services-auth:21.1.0] AndroidManifest.xml:36:13-107
167            android:visibleToInstantApps="true" /> <!-- Needs to be explicitly declared on P+ -->
167-->[com.google.android.gms:play-services-auth:21.1.0] AndroidManifest.xml:37:13-48
168        <uses-library
168-->[com.google.android.gms:play-services-maps:17.0.0] AndroidManifest.xml:33:9-35:40
169            android:name="org.apache.http.legacy"
169-->[com.google.android.gms:play-services-maps:17.0.0] AndroidManifest.xml:34:13-50
170            android:required="false" />
170-->[com.google.android.gms:play-services-maps:17.0.0] AndroidManifest.xml:35:13-37
171
172        <activity
172-->[com.google.android.gms:play-services-base:18.3.0] AndroidManifest.xml:20:9-22:45
173            android:name="com.google.android.gms.common.api.GoogleApiActivity"
173-->[com.google.android.gms:play-services-base:18.3.0] AndroidManifest.xml:20:19-85
174            android:exported="false"
174-->[com.google.android.gms:play-services-base:18.3.0] AndroidManifest.xml:22:19-43
175            android:theme="@android:style/Theme.Translucent.NoTitleBar" />
175-->[com.google.android.gms:play-services-base:18.3.0] AndroidManifest.xml:21:19-78
176
177        <meta-data
177-->[com.google.android.gms:play-services-basement:18.3.0] AndroidManifest.xml:21:9-23:69
178            android:name="com.google.android.gms.version"
178-->[com.google.android.gms:play-services-basement:18.3.0] AndroidManifest.xml:22:13-58
179            android:value="@integer/google_play_services_version" />
179-->[com.google.android.gms:play-services-basement:18.3.0] AndroidManifest.xml:23:13-66
180
181        <uses-library
181-->[androidx.window:window:1.2.0] AndroidManifest.xml:23:9-25:40
182            android:name="androidx.window.extensions"
182-->[androidx.window:window:1.2.0] AndroidManifest.xml:24:13-54
183            android:required="false" />
183-->[androidx.window:window:1.2.0] AndroidManifest.xml:25:13-37
184        <uses-library
184-->[androidx.window:window:1.2.0] AndroidManifest.xml:26:9-28:40
185            android:name="androidx.window.sidecar"
185-->[androidx.window:window:1.2.0] AndroidManifest.xml:27:13-51
186            android:required="false" />
186-->[androidx.window:window:1.2.0] AndroidManifest.xml:28:13-37
187
188        <receiver
188-->[androidx.profileinstaller:profileinstaller:1.3.1] AndroidManifest.xml:34:9-52:20
189            android:name="androidx.profileinstaller.ProfileInstallReceiver"
189-->[androidx.profileinstaller:profileinstaller:1.3.1] AndroidManifest.xml:35:13-76
190            android:directBootAware="false"
190-->[androidx.profileinstaller:profileinstaller:1.3.1] AndroidManifest.xml:36:13-44
191            android:enabled="true"
191-->[androidx.profileinstaller:profileinstaller:1.3.1] AndroidManifest.xml:37:13-35
192            android:exported="true"
192-->[androidx.profileinstaller:profileinstaller:1.3.1] AndroidManifest.xml:38:13-36
193            android:permission="android.permission.DUMP" >
193-->[androidx.profileinstaller:profileinstaller:1.3.1] AndroidManifest.xml:39:13-57
194            <intent-filter>
194-->[androidx.profileinstaller:profileinstaller:1.3.1] AndroidManifest.xml:40:13-42:29
195                <action android:name="androidx.profileinstaller.action.INSTALL_PROFILE" />
195-->[androidx.profileinstaller:profileinstaller:1.3.1] AndroidManifest.xml:41:17-91
195-->[androidx.profileinstaller:profileinstaller:1.3.1] AndroidManifest.xml:41:25-88
196            </intent-filter>
197            <intent-filter>
197-->[androidx.profileinstaller:profileinstaller:1.3.1] AndroidManifest.xml:43:13-45:29
198                <action android:name="androidx.profileinstaller.action.SKIP_FILE" />
198-->[androidx.profileinstaller:profileinstaller:1.3.1] AndroidManifest.xml:44:17-85
198-->[androidx.profileinstaller:profileinstaller:1.3.1] AndroidManifest.xml:44:25-82
199            </intent-filter>
200            <intent-filter>
200-->[androidx.profileinstaller:profileinstaller:1.3.1] AndroidManifest.xml:46:13-48:29
201                <action android:name="androidx.profileinstaller.action.SAVE_PROFILE" />
201-->[androidx.profileinstaller:profileinstaller:1.3.1] AndroidManifest.xml:47:17-88
201-->[androidx.profileinstaller:profileinstaller:1.3.1] AndroidManifest.xml:47:25-85
202            </intent-filter>
203            <intent-filter>
203-->[androidx.profileinstaller:profileinstaller:1.3.1] AndroidManifest.xml:49:13-51:29
204                <action android:name="androidx.profileinstaller.action.BENCHMARK_OPERATION" />
204-->[androidx.profileinstaller:profileinstaller:1.3.1] AndroidManifest.xml:50:17-95
204-->[androidx.profileinstaller:profileinstaller:1.3.1] AndroidManifest.xml:50:25-92
205            </intent-filter>
206        </receiver>
207    </application>
208
209</manifest>